\BOOKMARK [0][-]{figure.caption.2}{\376\377\000D\000\351\000d\000i\000c\000a\000c\000e}{}% 1
\BOOKMARK [0][-]{figure.caption.2}{\376\377\000R\000e\000m\000e\000r\000c\000i\000e\000m\000e\000n\000t\000s}{}% 2
\BOOKMARK [0][-]{figure.caption.2}{\376\377\000R\000\351\000s\000u\000m\000\351}{}% 3
\BOOKMARK [0][-]{figure.caption.2}{\376\377\000A\000b\000s\000t\000r\000a\000c\000t}{}% 4
\BOOKMARK [0][-]{chapter*.8}{\376\377\000I\000n\000t\000r\000o\000d\000u\000c\000t\000i\000o\000n\000\040\000G\000\351\000n\000\351\000r\000a\000l\000e}{}% 5
\BOOKMARK [0][-]{chapter.1}{\376\377\000=\000P\000r\000\351\000s\000e\000n\000t\000a\000t\000i\000o\000n\000\040\000d\000e\000\040\000l\000'\000o\000r\000g\000a\000n\000i\000s\000m\000e\000\040\000d\000'\000a\000c\000c\000u\000e\000i\000l\000\040}{}% 6
\BOOKMARK [1][-]{section*.9}{\376\377\000I\000n\000t\000r\000o\000d\000u\000c\000t\000i\000o\000n}{chapter.1}% 7
\BOOKMARK [1][-]{section.1.1}{\376\377\000P\000r\000\351\000s\000e\000n\000t\000a\000t\000i\000o\000n\000\040\000d\000e\000\040\000l\000'\000o\000r\000g\000a\000n\000i\000s\000m\000e\000\040\000d\000'\000a\000c\000c\000u\000e\000i\000l}{chapter.1}% 8
\BOOKMARK [2][-]{subsection.1.1.1}{\376\377\000B\000u\000t\000e\000c\000\040\000\351\000n\000e\000r\000g\000i\000e\000s\000\040\000e\000t\000\040\000s\000e\000r\000v\000i\000c\000e\000s}{section.1.1}% 9
\BOOKMARK [2][-]{subsection.1.1.2}{\376\377\000H\000i\000s\000t\000o\000r\000i\000q\000u\000e\000\040\000d\000e\000\040\000B\000U\000T\000E\000C\000\040\000E\000n\000e\000r\000g\000i\000e\000s\000\040\000e\000t\000\040\000S\000e\000r\000v\000i\000c\000e\000s\000\040\000M\000a\000r\000o\000c}{section.1.1}% 10
\BOOKMARK [2][-]{subsection.1.1.3}{\376\377\000F\000i\000c\000h\000e\000\040\000t\000e\000c\000h\000n\000i\000q\000u\000e\000\040\000d\000e\000\040\000l\000a\000\040\000s\000o\000c\000i\000\351\000t\000\351}{section.1.1}% 11
\BOOKMARK [2][-]{subsection.1.1.4}{\376\377\000S\000e\000c\000t\000e\000u\000r\000s\000\040\000d\000'\000a\000c\000t\000i\000v\000i\000t\000\351\000s}{section.1.1}% 12
\BOOKMARK [2][-]{subsection.1.1.5}{\376\377\000O\000r\000g\000a\000n\000i\000g\000r\000a\000m\000m\000e\000\040\000d\000e\000\040\000B\000U\000T\000E\000C\000\040\000M\000a\000r\000o\000c}{section.1.1}% 13
\BOOKMARK [2][-]{subsection.1.1.6}{\376\377\000D\000\351\000p\000a\000r\000t\000e\000m\000e\000n\000t\000\040\000\311\000l\000e\000c\000t\000r\000i\000c\000i\000t\000\351\000\040\000I\000n\000d\000u\000s\000t\000r\000i\000e\000l\000l\000e\000\040\000e\000t\000\040\000T\000e\000r\000t\000i\000a\000i\000r\000e}{section.1.1}% 14
\BOOKMARK [2][-]{subsection.1.1.7}{\376\377\000L\000e\000s\000\040\000p\000r\000i\000n\000c\000i\000p\000a\000l\000e\000s\000\040\000m\000i\000s\000s\000i\000o\000n\000s\000\040\000d\000u\000\040\000B\000u\000r\000e\000a\000u\000\040\000d\000'\000\311\000t\000u\000d\000e\000\040\000:}{section.1.1}% 15
\BOOKMARK [1][-]{section.1.2}{\376\377\000P\000r\000\351\000s\000e\000n\000t\000a\000t\000i\000o\000n\000\040\000d\000u\000\040\000p\000r\000o\000j\000e\000t\000\040\000:}{chapter.1}% 16
\BOOKMARK [2][-]{subsection.1.2.1}{\376\377\000D\000e\000s\000c\000r\000i\000p\000t\000i\000o\000n\000\040\000g\000\351\000n\000\351\000r\000a\000l\000e\000\040\000d\000e\000s\000\040\000a\000t\000e\000l\000i\000e\000r\000s\000\040\000c\000o\000n\000s\000t\000i\000t\000u\000t\000i\000f\000s\000\040\000d\000u\000\040\000P\000F\000C\000\040}{section.1.2}% 17
\BOOKMARK [2][-]{subsection.1.2.2}{\376\377\000C\000h\000i\000f\000f\000r\000e\000s\000\040\000c\000l\000\351\000s\000\040\000d\000u\000\040\000P\000r\000o\000j\000e\000t}{section.1.2}% 18
\BOOKMARK [2][-]{subsection.1.2.3}{\376\377\000\040\000L\040\031\000o\000b\000j\000e\000c\000t\000i\000f\000\040\000d\000u\000\040\000p\000r\000o\000j\000e\000t}{section.1.2}% 19
\BOOKMARK [2][-]{subsection.1.2.4}{\376\377\000S\000c\000h\000\351\000m\000a\000\040\000u\000n\000i\000f\000i\000l\000a\000i\000r\000e\000\040\000:}{section.1.2}% 20
\BOOKMARK [2][-]{subsection.1.2.5}{\376\377\000P\000r\000\351\000s\000e\000n\000t\000a\000t\000i\000o\000n\000\040\000d\000u\000\040\000C\000a\000h\000i\000e\000r\000\040\000d\000e\000\040\000c\000h\000a\000r\000g\000e\000\040\000:}{section.1.2}% 21
\BOOKMARK [2][-]{subsection.1.2.6}{\376\377\000P\000l\000a\000n\000n\000i\000n\000g\000\040\000d\000e\000\040\000d\000\351\000r\000o\000u\000l\000e\000m\000e\000n\000t\000\040\000d\000u\000\040\000p\000r\000o\000j\000e\000t\000\040\000:}{section.1.2}% 22
\BOOKMARK [2][-]{subsection.1.2.7}{\376\377\000O\000u\000t\000i\000l\000s\000\040\000d\000e\000\040\000t\000r\000a\000v\000a\000i\000l\000\040\000:}{section.1.2}% 23
\BOOKMARK [2][-]{subsection.1.2.8}{\376\377\000N\000o\000r\000m\000e\000s\000\040\000e\000t\000\040\000g\000u\000i\000d\000e\000s\000\040\000:}{section.1.2}% 24
\BOOKMARK [1][-]{section*.28}{\376\377\000C\000o\000n\000c\000l\000u\000s\000i\000o\000n}{chapter.1}% 25
\BOOKMARK [0][-]{chapter.2}{\376\377\000=\000E\000t\000u\000d\000e\000\040\000d\040\031\000\351\000c\000l\000a\000i\000r\000a\000g\000e\000\040}{}% 26
\BOOKMARK [1][-]{section*.29}{\376\377\000I\000n\000t\000r\000o\000d\000u\000c\000t\000i\000o\000n}{chapter.2}% 27
\BOOKMARK [1][-]{section.2.1}{\376\377\000G\000\351\000n\000\351\000r\000a\000l\000i\000t\000\351\000s}{chapter.2}% 28
\BOOKMARK [2][-]{subsection.2.1.1}{\376\377\000I\000n\000t\000e\000n\000s\000i\000t\000\351\000\040\000l\000u\000m\000i\000n\000e\000u\000s\000e}{section.2.1}% 29
\BOOKMARK [2][-]{subsection.2.1.2}{\376\377\000F\000l\000u\000x\000\040\000d\000e\000\040\000l\000u\000m\000i\000\350\000r\000e}{section.2.1}% 30
\BOOKMARK [2][-]{subsection.2.1.3}{\376\377\000L\000u\000m\000i\000n\000a\000n\000c\000e}{section.2.1}% 31
\BOOKMARK [2][-]{subsection.2.1.4}{\376\377\000\311\000c\000l\000a\000i\000r\000e\000m\000e\000n\000t}{section.2.1}% 32
\BOOKMARK [2][-]{subsection.2.1.5}{\376\377\000\311\000c\000l\000a\000i\000r\000e\000m\000e\000n\000t\000\040\000M\000o\000y\000e\000n\000\040\000I\000n\000i\000t\000i\000a\000l}{section.2.1}% 33
\BOOKMARK [2][-]{subsection.2.1.6}{\376\377\000C\000h\000o\000i\000x\000\040\000d\000e\000s\000\040\000L\000u\000m\000i\000n\000a\000i\000r\000e\000s}{section.2.1}% 34
\BOOKMARK [1][-]{section.2.2}{\376\377\000\311\000c\000l\000a\000i\000r\000a\000g\000e\000\040\000i\000n\000t\000\351\000r\000i\000e\000u\000r}{chapter.2}% 35
\BOOKMARK [2][-]{subsection.2.2.1}{\376\377\000M\000\351\000t\000h\000o\000d\000e\000\040\000d\000e\000\040\000D\000i\000m\000e\000n\000s\000i\000o\000n\000n\000e\000m\000e\000n\000t\000\040\000d\000'\000\311\000c\000l\000a\000i\000r\000a\000g\000e}{section.2.2}% 36
\BOOKMARK [2][-]{subsection.2.2.2}{\376\377\000C\000h\000o\000i\000x\000\040\000d\000e\000\040\000l\000a\000\040\000t\000e\000c\000h\000n\000o\000l\000o\000g\000i\000e\000\040\000L\000E\000D}{section.2.2}% 37
\BOOKMARK [2][-]{subsection.2.2.3}{\376\377\000E\000x\000i\000g\000e\000n\000c\000e\000s\000\040\000n\000o\000r\000m\000a\000t\000i\000v\000e\000s}{section.2.2}% 38
\BOOKMARK [2][-]{subsection.2.2.4}{\376\377\000L\000e\000s\000\040\000s\000o\000l\000u\000t\000i\000o\000n\000s\000\040\000d\000'\000\351\000c\000l\000a\000i\000r\000a\000g\000e\000\040\000r\000e\000t\000e\000n\000u\000e\000s}{section.2.2}% 39
\BOOKMARK [2][-]{subsection.2.2.5}{\376\377\000L\000a\000\040\000s\000o\000u\000s\000-\000s\000t\000a\000t\000i\000o\000n\000\040\000d\000e\000\040\000m\000a\000n\000u\000t\000e\000n\000t\000i\000o\000n\000\040\000a\000u\000\040\000r\000e\000z\000-\000d\000e\000-\000c\000h\000a\000u\000s\000s\000\351\000e}{section.2.2}% 40
\BOOKMARK [2][-]{subsection.2.2.6}{\376\377\000C\000o\000m\000p\000a\000r\000a\000t\000i\000f\000\040\000e\000t\000\040\000r\000\351\000s\000u\000l\000t\000a\000t\000s}{section.2.2}% 41
\BOOKMARK [1][-]{section.2.3}{\376\377\000\311\000c\000l\000a\000i\000r\000a\000g\000e\000\040\000e\000x\000t\000\351\000r\000i\000e\000u\000r}{chapter.2}% 42
\BOOKMARK [2][-]{subsection.2.3.1}{\376\377\000I\000n\000t\000r\000o\000d\000u\000c\000t\000i\000o\000n}{section.2.3}% 43
\BOOKMARK [2][-]{subsection.2.3.2}{\376\377\000P\000r\000\351\000s\000e\000n\000t\000a\000t\000i\000o\000n\000\040\000d\000e\000\040\000l\000a\000\040\000m\000\351\000t\000h\000o\000d\000e\000\040\000d\000u\000\040\000r\000a\000p\000p\000o\000r\000t\000\040\000R}{section.2.3}% 44
\BOOKMARK [2][-]{subsection.2.3.3}{\376\377\000L\000e\000s\000\040\000s\000o\000l\000u\000t\000i\000o\000n\000s\000\040\000d\040\031\000\351\000c\000l\000a\000i\000r\000a\000g\000e\000\040\000r\000e\000t\000e\000n\000u\000e\000s}{section.2.3}% 45
\BOOKMARK [2][-]{subsection.2.3.4}{\376\377\000\311\000t\000u\000d\000e\000\040\000t\000h\000\351\000o\000r\000i\000q\000u\000e\000\040}{section.2.3}% 46
\BOOKMARK [2][-]{subsection.2.3.5}{\376\377\000N\000o\000t\000e\000\040\000d\000e\000\040\000c\000a\000l\000c\000u\000l\000\040\000d\000'\000\351\000c\000l\000a\000i\000r\000a\000g\000e\000\040\000e\000x\000t\000\351\000r\000i\000e\000u\000r\000\040\000a\000v\000e\000c\000\040\000D\000I\000A\000L\000u\000x}{section.2.3}% 47
\BOOKMARK [1][-]{section*.60}{\376\377\000C\000o\000n\000c\000l\000u\000s\000i\000o\000n}{chapter.2}% 48
\BOOKMARK [0][-]{chapter.3}{\376\377\000=\000E\000t\000u\000d\000e\000\040\000e\000t\000\040\000d\000i\000m\000e\000n\000s\000i\000o\000n\000n\000e\000m\000e\000n\000t\000\040\000d\000e\000s\000\040\000\351\000q\000u\000i\000p\000e\000m\000e\000n\000t\000s\000\040\000B\000T}{}% 49
\BOOKMARK [1][-]{section*.61}{\376\377\000I\000n\000t\000r\000o\000d\000u\000c\000t\000i\000o\000n}{chapter.3}% 50
\BOOKMARK [1][-]{section.3.1}{\376\377\000R\000\351\000g\000i\000m\000e\000\040\000d\000u\000\040\000n\000e\000u\000t\000r\000e}{chapter.3}% 51
\BOOKMARK [2][-]{subsection.3.1.1}{\376\377\000C\000a\000r\000a\000c\000t\000\351\000r\000i\000s\000t\000i\000q\000u\000e\000s\000\040\000d\000e\000s\000\040\000d\000i\000f\000f\000\351\000r\000e\000n\000t\000s\000\040\000r\000\351\000g\000i\000m\000e\000s\000\040\000d\000e\000\040\000t\000e\000r\000r\000e\000\040}{section.3.1}% 52
\BOOKMARK [2][-]{subsection.3.1.2}{\376\377\000L\000e\000\040\000t\000e\000m\000p\000s\000\040\000d\000e\000\040\000c\000o\000u\000p\000u\000r\000e\000\040\000m\000a\000x\000i\000m\000a\000l\000\040\000d\000u\000\040\000d\000i\000s\000p\000o\000s\000i\000t\000i\000f\000\040\000d\000e\000\040\000p\000r\000o\000t\000e\000c\000t\000i\000o\000n}{section.3.1}% 53
\BOOKMARK [2][-]{subsection.3.1.3}{\376\377\000C\000h\000o\000i\000x\000\040\000d\000u\000\040\000R\000\351\000g\000i\000m\000e\000\040\000d\000e\000\040\000N\000e\000u\000t\000r\000e}{section.3.1}% 54
\BOOKMARK [1][-]{section.3.2}{\376\377\000E\000t\000u\000d\000e\000\040\000e\000t\000\040\000d\000i\000m\000e\000n\000s\000i\000o\000n\000n\000e\000m\000e\000n\000t}{chapter.3}% 55
\BOOKMARK [2][-]{subsection.3.2.1}{\376\377\000F\000a\000c\000t\000e\000u\000r\000\040\000d\000'\000U\000t\000i\000l\000i\000s\000a\000t\000i\000o\000n\000\040\000K\000u}{section.3.2}% 56
\BOOKMARK [2][-]{subsection.3.2.2}{\376\377\000F\000a\000c\000t\000e\000u\000r\000\040\000d\000e\000\040\000S\000i\000m\000u\000l\000t\000a\000n\000\351\000i\000t\000\351\000\040\000K\000s}{section.3.2}% 57
\BOOKMARK [2][-]{subsection.3.2.3}{\376\377\000F\000a\000c\000t\000e\000u\000r\000\040\000d\040\031\000e\000x\000t\000e\000n\000s\000i\000o\000n\000\040\000\040\000K\000e\000x\000t\000\040\000:}{section.3.2}% 58
\BOOKMARK [2][-]{subsection.3.2.4}{\376\377\000C\000h\000o\000i\000x\000\040\000d\000'\000o\000n\000d\000u\000l\000e\000u\000r}{section.3.2}% 59
\BOOKMARK [2][-]{subsection.3.2.5}{\376\377\000D\000i\000m\000e\000n\000s\000i\000o\000n\000n\000e\000m\000e\000n\000t\000\040\000d\000e\000s\000\040\000b\000a\000t\000t\000e\000r\000i\000e\000s\000\040\0002\0002\0000\000\040\000V\000A\000C\000\040\000\046\000\040\0002\0002\0000\000\040\000V\000D\000C\000\040\000e\000t\000\040\0002\0004\000\040\000V\000D\000C}{section.3.2}% 60
\BOOKMARK [2][-]{subsection.3.2.6}{\376\377\000A\000p\000p\000l\000i\000c\000a\000t\000i\000o\000n\000\040\000a\000u\000\040\000p\000r\000o\000j\000e\000t}{section.3.2}% 61
\BOOKMARK [2][-]{subsection.3.2.7}{\376\377\000D\000i\000m\000e\000n\000s\000i\000o\000n\000n\000e\000m\000e\000n\000t\000\040\000d\000e\000s\000\040\000c\000h\000a\000r\000g\000e\000u\000r\000s}{section.3.2}% 62
\BOOKMARK [2][-]{subsection.3.2.8}{\376\377\000D\000i\000m\000e\000n\000s\000i\000o\000n\000n\000e\000m\000e\000n\000t\000\040\000d\000e\000s\000\040\000t\000r\000a\000n\000s\000f\000o\000r\000m\000a\000t\000e\000u\000r\000s\000\040\000B\000T\000/\000B\000T}{section.3.2}% 63
\BOOKMARK [2][-]{subsection.3.2.9}{\376\377\000D\000i\000m\000e\000n\000s\000i\000o\000n\000n\000e\000m\000e\000n\000t\000\040\000d\000e\000\040\000t\000r\000a\000n\000s\000f\000o\000r\000m\000a\000t\000e\000u\000r\000\040\000M\000T\000/\000B\000T\000\040}{section.3.2}% 64
\BOOKMARK [2][-]{subsection.3.2.10}{\376\377\000D\000i\000m\000e\000n\000s\000i\000o\000n\000n\000e\000m\000e\000n\000t\000\040\000d\000e\000s\000\040\000c\000a\000n\000a\000l\000i\000s\000a\000t\000i\000o\000n\000s\000\040\000e\000t\000\040\000p\000r\000o\000t\000e\000c\000t\000i\000o\000n\000s}{section.3.2}% 65
\BOOKMARK [2][-]{subsection.3.2.11}{\376\377\000D\000\351\000t\000e\000r\000m\000i\000n\000a\000t\000i\000o\000n\000\040\000d\000e\000\040\000l\000a\000\040\000S\000e\000c\000t\000i\000o\000n\000\040\000d\000u\000\040\000n\000e\000u\000t\000r\000e}{section.3.2}% 66
\BOOKMARK [2][-]{subsection.3.2.12}{\376\377\000D\000\351\000t\000e\000r\000m\000i\000n\000a\000t\000i\000o\000n\000\040\000d\000e\000\040\000l\000a\000\040\000S\000e\000c\000t\000i\000o\000n\000\040\000d\000u\000\040\000c\000o\000n\000d\000u\000c\000t\000e\000u\000r\000\040\000d\000e\000\040\000p\000r\000o\000t\000e\000c\000t\000i\000o\000n\000\040\000P\000E}{section.3.2}% 67
\BOOKMARK [2][-]{subsection.3.2.13}{\376\377\000V\000\351\000r\000i\000f\000i\000c\000a\000t\000i\000o\000n\000\040\000d\000e\000\040\000l\000a\000\040\000c\000h\000u\000t\000e\000\040\000d\000e\000\040\000t\000e\000n\000s\000i\000o\000n}{section.3.2}% 68
\BOOKMARK [2][-]{subsection.3.2.14}{\376\377\000A\000p\000p\000l\000i\000c\000a\000t\000i\000o\000n\000\040\000a\000u\000\040\000p\000r\000o\000j\000e\000t}{section.3.2}% 69
\BOOKMARK [1][-]{section*.111}{\376\377\000C\000o\000n\000c\000l\000u\000s\000i\000o\000n}{chapter.3}% 70
\BOOKMARK [0][-]{chapter.4}{\376\377\000=\000E\000t\000u\000d\000e\000\040\000e\000t\000\040\000d\000i\000m\000e\000n\000s\000i\000o\000n\000n\000e\000m\000e\000n\000t\000\040\000d\000e\000\040\000l\000'\000i\000n\000s\000t\000a\000l\000l\000a\000t\000i\000o\000n\000\040\000m\000o\000y\000e\000n\000n\000e\000\040\000t\000e\000n\000s\000i\000o\000n\000\040\000\050\000H\000T\000A\000\051\000\040}{}% 71
\BOOKMARK [1][-]{section*.112}{\376\377\000I\000n\000t\000r\000o\000d\000u\000c\000t\000i\000o\000n}{chapter.4}% 72
\BOOKMARK [1][-]{section.4.1}{\376\377\000B\000i\000l\000a\000n\000\040\000d\000e\000\040\000p\000u\000i\000s\000s\000a\000n\000c\000e}{chapter.4}% 73
\BOOKMARK [2][-]{subsection.4.1.1}{\376\377\000S\000a\000n\000s\000\040\000c\000o\000m\000p\000e\000n\000s\000a\000t\000i\000o\000n}{section.4.1}% 74
\BOOKMARK [2][-]{subsection.4.1.2}{\376\377\000C\000a\000l\000c\000u\000l\000\040\000d\000e\000\040\000l\000a\000\040\000p\000u\000i\000s\000s\000a\000n\000c\000e\000\040\000d\000e\000s\000\040\000c\000o\000n\000d\000e\000n\000s\000a\000t\000e\000u\000r\000s\000\040\000d\000e\000\040\000c\000o\000m\000p\000e\000n\000s\000a\000t\000i\000o\000n}{section.4.1}% 75
\BOOKMARK [1][-]{section.4.2}{\376\377\000D\000i\000m\000e\000n\000s\000i\000o\000n\000n\000e\000m\000e\000n\000t\000\040\000d\000e\000s\000\040\000c\000\342\000b\000l\000e\000s\000\040\000m\000o\000y\000e\000n\000\040\000t\000e\000n\000s\000i\000o\000n\000\040}{chapter.4}% 76
\BOOKMARK [2][-]{subsection.4.2.1}{\376\377\000M\000\351\000t\000h\000o\000d\000o\000l\000o\000g\000i\000e}{section.4.2}% 77
\BOOKMARK [2][-]{subsection.4.2.2}{\376\377\000A\000p\000p\000l\000i\000c\000a\000t\000i\000o\000n\000\040\000a\000u\000\040\000p\000r\000o\000j\000e\000t}{section.4.2}% 78
\BOOKMARK [2][-]{subsection.4.2.3}{\376\377\000S\000i\000m\000u\000l\000a\000t\000i\000o\000n\000\040\000e\000t\000\040\000V\000a\000l\000i\000d\000a\000t\000i\000o\000n\000\040\000p\000a\000r\000\040\000L\000o\000g\000i\000c\000i\000e\000l\000\040\000E\000T\000A\000P}{section.4.2}% 79
\BOOKMARK [2][-]{subsection.4.2.4}{\376\377\000P\000r\000o\000t\000e\000c\000t\000i\000o\000n\000\040\000e\000t\000\040\000S\000\351\000l\000e\000c\000t\000i\000v\000i\000t\000\351}{section.4.2}% 80
\BOOKMARK [1][-]{section.4.3}{\376\377\000M\000i\000s\000e\000\040\000\340\000\040\000l\000a\000\040\000t\000e\000r\000r\000e}{chapter.4}% 81
\BOOKMARK [2][-]{subsection.4.3.1}{\376\377\000I\000n\000t\000r\000o\000d\000u\000c\000t\000i\000o\000n}{section.4.3}% 82
\BOOKMARK [2][-]{subsection.4.3.2}{\376\377\000D\000\351\000m\000a\000r\000c\000h\000e\000\040\000d\000e\000\040\000c\000o\000n\000c\000e\000p\000t\000i\000o\000n\000\040\000d\000e\000\040\000l\000a\000\040\000g\000r\000i\000l\000l\000e}{section.4.3}% 83
\BOOKMARK [2][-]{subsection.4.3.3}{\376\377\000G\000\351\000n\000\351\000r\000a\000l\000i\000t\000\351\000s\000\040\000s\000u\000r\000\040\000l\000e\000\040\000t\000e\000r\000r\000a\000i\000n}{section.4.3}% 84
\BOOKMARK [2][-]{subsection.4.3.4}{\376\377\000C\000a\000l\000c\000u\000l\000\040\000d\000e\000s\000\040\000p\000a\000r\000a\000m\000\350\000t\000r\000e\000s}{section.4.3}% 85
\BOOKMARK [2][-]{subsection.4.3.5}{\376\377\000T\000e\000n\000s\000i\000o\000n\000\040\000d\000e\000\040\000p\000a\000s\000\040\000l\000i\000m\000i\000t\000e}{section.4.3}% 86
\BOOKMARK [2][-]{subsection.4.3.6}{\376\377\000S\000i\000m\000u\000l\000a\000t\000i\000o\000n\000\040\000e\000t\000\040\000v\000\351\000r\000i\000f\000i\000c\000a\000t\000i\000o\000n\000\040\000d\000e\000s\000\040\000r\000\351\000s\000u\000l\000t\000a\000t\000s}{section.4.3}% 87
\BOOKMARK [2][-]{subsection.4.3.7}{\376\377\000A\000n\000a\000l\000y\000s\000e\000\040\000e\000t\000\040\000c\000o\000m\000p\000a\000r\000a\000t\000i\000f\000\040}{section.4.3}% 88
\BOOKMARK [1][-]{section*.147}{\376\377\000C\000o\000n\000c\000l\000u\000s\000i\000o\000n}{chapter.4}% 89
\BOOKMARK [0][-]{chapter.5}{\376\377\000=\000\311\000t\000u\000d\000e\000\040\000d\040\031\000e\000x\000\351\000c\000u\000t\000i\000o\000n\000\040\000a\000v\000e\000c\000\040\000B\000I\000M}{}% 90
\BOOKMARK [1][-]{section*.148}{\376\377\000I\000n\000t\000r\000o\000d\000u\000c\000t\000i\000o\000n}{chapter.5}% 91
\BOOKMARK [1][-]{section.5.1}{\376\377\000L\000e\000\040\000B\000I\000M}{chapter.5}% 92
\BOOKMARK [2][-]{subsection.5.1.1}{\376\377\000L\000e\000s\000\040\000c\000a\000s\000\040\000d\000'\000u\000s\000a\000g\000e\000\040\000d\000u\000\040\000B\000I\000M}{section.5.1}% 93
\BOOKMARK [2][-]{subsection.5.1.2}{\376\377\000L\000e\000s\000\040\000d\000i\000f\000f\000\351\000r\000e\000n\000t\000s\000\040\000n\000i\000v\000e\000a\000u\000x\000\040\000d\000u\000\040\000B\000I\000M}{section.5.1}% 94
\BOOKMARK [2][-]{subsection.5.1.3}{\376\377\000L\000e\000s\000\040\000e\000n\000j\000e\000u\000x}{section.5.1}% 95
\BOOKMARK [2][-]{subsection.5.1.4}{\376\377\000L\000e\000s\000\040\000f\000o\000r\000m\000a\000t\000s\000\040\000d\040\031\000\351\000c\000h\000a\000n\000g\000e}{section.5.1}% 96
\BOOKMARK [2][-]{subsection.5.1.5}{\376\377\000L\000e\000s\000\040\000c\000o\000m\000p\000\351\000t\000e\000n\000c\000e\000s\000\040\000r\000e\000c\000h\000e\000r\000c\000h\000\351\000e\000s}{section.5.1}% 97
\BOOKMARK [2][-]{subsection.5.1.6}{\376\377\000L\000e\000s\000\040\000l\000o\000g\000i\000c\000i\000e\000l\000s\000\040\000d\000u\000\040\000B\000I\000M}{section.5.1}% 98
\BOOKMARK [1][-]{section.5.2}{\376\377\000\040\000M\000o\000d\000\351\000l\000i\000s\000a\000t\000i\000o\000n\000\040\000s\000u\000r\000\040\000R\000E\000V\000I\000T}{chapter.5}% 99
\BOOKMARK [2][-]{subsection.5.2.1}{\376\377\000D\000e\000s\000c\000r\000i\000p\000t\000i\000o\000n\000\040\000d\000u\000\040\000l\000o\000g\000i\000c\000i\000e\000l\000\040\000R\000e\000v\000i\000t\000\040}{section.5.2}% 100
\BOOKMARK [2][-]{subsection.5.2.2}{\376\377\000I\000n\000t\000e\000r\000f\000a\000c\000e\000\040\000u\000t\000i\000l\000i\000s\000a\000t\000e\000u\000r\000\040\000d\000e\000\040\000R\000e\000v\000i\000t}{section.5.2}% 101
\BOOKMARK [2][-]{subsection.5.2.3}{\376\377\000M\000o\000d\000\351\000l\000i\000s\000a\000t\000i\000o\000n\000\040\000a\000r\000c\000h\000i\000t\000e\000c\000t\000u\000r\000a\000l\000e\000\040\000d\000e\000\040\000l\000a\000\040\000s\000o\000u\000s\000-\000s\000t\000a\000t\000i\000o\000n}{section.5.2}% 102
\BOOKMARK [2][-]{subsection.5.2.4}{\376\377\000M\000o\000d\000\351\000l\000i\000s\000a\000t\000i\000o\000n\000\040\000d\000e\000\040\000l\000'\000i\000m\000p\000l\000a\000n\000t\000a\000t\000i\000o\000n\000\040\000\351\000l\000e\000c\000t\000r\000i\000q\000u\000e\000\040\000d\000e\000\040\000l\000a\000\040\000s\000o\000u\000s\000-\000s\000t\000a\000t\000i\000o\000n}{section.5.2}% 103
\BOOKMARK [2][-]{subsection.5.2.5}{\376\377\000G\000e\000s\000t\000i\000o\000n\000\040\000d\000e\000s\000\040\000c\000o\000n\000f\000l\000i\000t\000s\000\040\000d\000a\000n\000s\000\040\000l\000a\000\040\000c\000o\000n\000c\000e\000p\000t\000i\000o\000n}{section.5.2}% 104
\BOOKMARK [1][-]{section*.171}{\376\377\000C\000o\000n\000c\000l\000u\000s\000i\000o\000n}{chapter.5}% 105
\BOOKMARK [0][-]{chapter.6}{\376\377\000=\000\311\000t\000u\000d\000e\000\040\000t\000e\000c\000h\000n\000i\000c\000o\000-\000\351\000c\000o\000n\000o\000m\000i\000q\000u\000e}{}% 106
\BOOKMARK [1][-]{section*.172}{\376\377\000I\000n\000t\000r\000o\000d\000u\000c\000t\000i\000o\000n}{chapter.6}% 107
\BOOKMARK [1][-]{section.6.1}{\376\377\000\311\000t\000u\000d\000e\000\040\000t\000e\000c\000h\000n\000o\000-\000\351\000c\000o\000n\000o\000m\000i\000q\000u\000e}{chapter.6}% 108
\BOOKMARK [2][-]{subsection.6.1.1}{\376\377\000L\000i\000s\000t\000e\000\040\000d\000e\000s\000\040\000f\000o\000u\000r\000n\000i\000s\000s\000e\000u\000r\000s}{section.6.1}% 109
\BOOKMARK [2][-]{subsection.6.1.2}{\376\377\000L\000e\000s\000\040\000\351\000q\000u\000i\000p\000e\000m\000e\000n\000t\000s}{section.6.1}% 110
\BOOKMARK [2][-]{subsection.6.1.3}{\376\377\000l\000e\000s\000\040\000C\000\342\000b\000l\000e\000s}{section.6.1}% 111
\BOOKMARK [2][-]{subsection.6.1.4}{\376\377\000L\000e\000\040\000c\000h\000e\000m\000i\000n\000\040\000d\000e\000\040\000c\000\342\000b\000l\000e\000s\000\040}{section.6.1}% 112
\BOOKMARK [2][-]{subsection.6.1.5}{\376\377\000L\000e\000\040\000p\000l\000a\000n\000\040\000d\000e\000\040\000p\000r\000o\000t\000e\000c\000t\000i\000o\000n\000\040}{section.6.1}% 113
\BOOKMARK [1][-]{section*.178}{\376\377\000C\000o\000n\000c\000l\000u\000s\000i\000o\000n}{chapter.6}% 114
\BOOKMARK [0][-]{chapter*.179}{\376\377\000C\000o\000n\000c\000l\000u\000s\000i\000o\000n\000\040\000G\000\351\000n\000\351\000r\000a\000l\000e}{}% 115
\BOOKMARK [0][-]{chapter*.179}{\376\377\000R\000e\000f\000e\000r\000e\000n\000c\000e\000s}{}% 116
\BOOKMARK [0][-]{appendix*.181}{\376\377\000A\000n\000n\000e\000x\000e\000\040\000A\000:\000\040\000\311\000c\000l\000a\000i\000r\000a\000g\000e}{}% 117
\BOOKMARK [1][-]{section.Alph0.1}{\376\377\000\311\000c\000l\000a\000i\000r\000a\000g\000e\000\040\000i\000n\000t\000\351\000r\000i\000e\000u\000r\000\040\000:}{appendix*.181}% 118
\BOOKMARK [2][-]{subsection.Alph0.1.1}{\376\377\000\040\000I\000n\000d\000i\000c\000e\000\040\000d\000e\000\040\000l\000o\000c\000a\000l\000e\000\040\000I}{section.Alph0.1}% 119
\BOOKMARK [2][-]{subsection.Alph0.1.2}{\376\377\000L\000a\000\040\000s\000o\000u\000s\000-\000s\000t\000a\000t\000i\000o\000n\000\040\000d\000e\000\040\000m\000a\000n\000u\000t\000e\000n\000t\000i\000o\000n\000\040\000a\000u\000\040\000p\000r\000e\000m\000i\000e\000r\000\040\000\351\000t\000a\000g\000e}{section.Alph0.1}% 120
\BOOKMARK [2][-]{subsection.Alph0.1.3}{\376\377\000L\000a\000\040\000s\000o\000u\000s\000-\000s\000t\000a\000t\000i\000o\000n\000\040\000d\000e\000\040\000m\000a\000n\000u\000t\000e\000n\000t\000i\000o\000n\000\040\000a\000u\000\040\0002\000\350\000m\000e\000\040\000\351\000t\000a\000g\000e}{section.Alph0.1}% 121
\BOOKMARK [2][-]{subsection.Alph0.1.4}{\376\377\000L\000a\000\040\000s\000o\000u\000s\000-\000s\000t\000a\000t\000i\000o\000n\000\040\000d\000e\000\040\000m\000a\000n\000u\000t\000e\000n\000t\000i\000o\000n\000\040\000a\000u\000\040\0003\000\350\000m\000e\000\040\000\351\000t\000a\000g\000e\000\040}{section.Alph0.1}% 122
\BOOKMARK [1][-]{section.Alph0.2}{\376\377\000\311\000c\000l\000a\000i\000r\000a\000g\000e\000\040\000e\000x\000t\000\351\000r\000i\000e\000u\000r}{appendix*.181}% 123
\BOOKMARK [0][-]{appendix*.195}{\376\377\000A\000n\000n\000e\000x\000e\000\040\000B\000:\000\040\000B\000a\000s\000s\000e\000\040\000t\000e\000n\000s\000i\000o\000n\000\040\000\050\000B\000T\000\051}{}% 124
\BOOKMARK [1][-]{section.Alph0.1}{\376\377\000\040\000R\000\351\000g\000i\000m\000e\000\040\000d\000u\000\040\000n\000e\000u\000t\000r\000e\000\040}{appendix*.195}% 125
\BOOKMARK [1][-]{section.Alph0.2}{\376\377\000C\000a\000r\000a\000c\000t\000\351\000r\000i\000s\000t\000i\000q\000u\000e\000s\000\040\000d\000e\000s\000\040\000T\000r\000a\000n\000s\000f\000o\000r\000m\000a\000t\000e\000u\000r\000s\000\040\000d\000e\000\040\000P\000u\000i\000s\000s\000a\000n\000c\000e\000\040}{appendix*.195}% 126
\BOOKMARK [1][-]{section.Alph0.3}{\376\377\000B\000i\000l\000a\000n\000\040\000d\000e\000\040\000p\000u\000i\000s\000s\000a\000n\000c\000e\000\040}{appendix*.195}% 127
\BOOKMARK [2][-]{subsection.Alph0.3.1}{\376\377\000\040\000C\000a\000s\000\040\000d\000e\000s\000\040\000c\000\342\000b\000l\000e\000s\000\040\000n\000o\000n\000\040\000e\000n\000t\000e\000r\000r\000\351\000e\000s\000:}{section.Alph0.3}% 128
\BOOKMARK [2][-]{subsection.Alph0.3.2}{\376\377\000\040\000C\000a\000s\000\040\000d\000e\000s\000\040\000c\000\342\000b\000l\000e\000s\000\040\000e\000n\000t\000e\000r\000r\000\351\000s\000:}{section.Alph0.3}% 129
\BOOKMARK [0][-]{appendix*.221}{\376\377\000A\000n\000n\000e\000x\000e\000\040\000C\000:\000\040\000M\000o\000y\000e\000n\000n\000e\000\040\000t\000e\000n\000s\000i\000o\000n\000\040\000\050\000H\000T\000A\000\051}{}% 130
\BOOKMARK [1][-]{section.Alph0.1}{\376\377\000T\000y\000p\000e\000s\000\040\000d\000e\000\040\000C\000o\000m\000p\000e\000n\000s\000a\000t\000i\000o\000n}{appendix*.221}% 131
